S_O/app/build/intermediates/manifest_merge_blame_file/debug/manifest-merger-blame-debug-report.txt
1<?xml version="1.0" encoding="utf-8"?>
2<manifest xmlns:android="http://schemas.android.com/apk/res/android"
3    package="com.sombrosso"
4    android:versionCode="1"
5    android:versionName="1.0" >
6
7    <uses-sdk
8        android:minSdkVersion="23"
8-->src\main\AndroidManifest.xml
9        android:targetSdkVersion="32" />
9-->src\main\AndroidManifest.xml
10
11    <uses-permission android:name="android.permission.ACCESS_FINE_LOCATION" />
11-->src\main\AndroidManifest.xml:6:5-79
11-->src\main\AndroidManifest.xml:6:22-76
12    <uses-permission android:name="android.permission.ACCESS_COARSE_LOCATION" />
12-->src\main\AndroidManifest.xml:7:5-81
12-->src\main\AndroidManifest.xml:7:22-78
13    <uses-permission android:name="android.permission.ACCESS_NETWORK_STATE" />
13-->src\main\AndroidManifest.xml:8:5-79
13-->src\main\AndroidManifest.xml:8:22-76
14    <uses-permission android:name="android.permission.INTERNET" />
14-->src\main\AndroidManifest.xml:9:5-67
14-->src\main\AndroidManifest.xml:9:22-64
15
16    <application
16-->src\main\AndroidManifest.xml:11:5-81:19
17        android:allowBackup="true"
17-->src\main\AndroidManifest.xml:12:9-35
18        android:appComponentFactory="android.support.v4.app.CoreComponentFactory"
18-->[com.android.support:support-compat:28.0.0] AndroidManifest.xml:22:18-91
19        android:dataExtractionRules="@xml/data_extraction_rules"
19-->src\main\AndroidManifest.xml:13:9-65
20        android:debuggable="true"
21        android:extractNativeLibs="false"
22        android:fullBackupContent="@xml/backup_rules"
22-->src\main\AndroidManifest.xml:14:9-54
23        android:icon="@mipmap/ic_launcher"
23-->src\main\AndroidManifest.xml:15:9-43
24        android:label="@string/app_name"
24-->src\main\AndroidManifest.xml:16:9-41
25        android:roundIcon="@mipmap/ic_launcher_round"
25-->src\main\AndroidManifest.xml:17:9-54
26        android:supportsRtl="true"
26-->src\main\AndroidManifest.xml:18:9-35
27        android:testOnly="true"
28        android:theme="@style/Theme.AppCompat.Light.NoActionBar" >
28-->src\main\AndroidManifest.xml:19:9-65
29        <activity
29-->src\main\AndroidManifest.xml:21:9-27:20
30            android:name="com.sombrosso.Login"
30-->src\main\AndroidManifest.xml:22:13-34
31            android:exported="false" >
31-->src\main\AndroidManifest.xml:23:13-37
32            <meta-data
32-->src\main\AndroidManifest.xml:24:13-26:36
33                android:name="android.app.lib_name"
33-->src\main\AndroidManifest.xml:25:17-52
34                android:value="" />
34-->src\main\AndroidManifest.xml:26:17-33
35        </activity>
36        <activity
36-->src\main\AndroidManifest.xml:28:9-34:20
37            android:name="com.sombrosso.Cadastro"
37-->src\main\AndroidManifest.xml:29:13-37
38            android:exported="false" >
38-->src\main\AndroidManifest.xml:30:13-37
39            <meta-data
39-->src\main\AndroidManifest.xml:24:13-26:36
40                android:name="android.app.lib_name"
40-->src\main\AndroidManifest.xml:25:17-52
41                android:value="" />
41-->src\main\AndroidManifest.xml:26:17-33
42        </activity>
43        <activity
43-->src\main\AndroidManifest.xml:35:9-41:20
44            android:name="com.sombrosso.ConfigActivity"
44-->src\main\AndroidManifest.xml:36:13-43
45            android:exported="false" >
45-->src\main\AndroidManifest.xml:37:13-37
46            <meta-data
46-->src\main\AndroidManifest.xml:24:13-26:36
47                android:name="android.app.lib_name"
47-->src\main\AndroidManifest.xml:25:17-52
48                android:value="" />
48-->src\main\AndroidManifest.xml:26:17-33
49        </activity>
50        <activity
50-->src\main\AndroidManifest.xml:42:9-44:40
51            android:name="com.sombrosso.LocalizacaoActivity"
51-->src\main\AndroidManifest.xml:43:13-48
52            android:exported="false" />
52-->src\main\AndroidManifest.xml:44:13-37
53        <activity
53-->src\main\AndroidManifest.xml:45:9-47:40
54            android:name="com.sombrosso.TesteActivity"
54-->src\main\AndroidManifest.xml:46:13-42
55            android:exported="false" />
55-->src\main\AndroidManifest.xml:47:13-37
56        <activity
56-->src\main\AndroidManifest.xml:48:9-50:40
57            android:name="com.sombrosso.BussolaActivity"
57-->src\main\AndroidManifest.xml:49:13-44
58            android:exported="false" />
58-->src\main\AndroidManifest.xml:50:13-37
59        <activity
59-->src\main\AndroidManifest.xml:51:9-53:40
60            android:name="com.sombrosso.BookActivity"
60-->src\main\AndroidManifest.xml:52:13-41
61            android:exported="false" />
61-->src\main\AndroidManifest.xml:53:13-37
62        <activity
62-->src\main\AndroidManifest.xml:54:9-56:40
63            android:name="com.sombrosso.CurioActivity"
63-->src\main\AndroidManifest.xml:55:13-42
64            android:exported="false" />
64-->src\main\AndroidManifest.xml:56:13-37
65        <activity
65-->src\main\AndroidManifest.xml:57:9-59:40
66            android:name="com.sombrosso.PoderActivity"
66-->src\main\AndroidManifest.xml:58:13-42
67            android:exported="false" />
67-->src\main\AndroidManifest.xml:59:13-37
68        <activity
68-->src\main\AndroidManifest.xml:60:9-62:40
69            android:name="com.sombrosso.ReinosActivity"
69-->src\main\AndroidManifest.xml:61:13-43
70            android:exported="false" />
70-->src\main\AndroidManifest.xml:62:13-37
71        <activity
71-->src\main\AndroidManifest.xml:63:9-65:40
72            android:name="com.sombrosso.AtoresActivity"
72-->src\main\AndroidManifest.xml:64:13-43
73            android:exported="false" />
73-->src\main\AndroidManifest.xml:65:13-37
74        <activity
74-->src\main\AndroidManifest.xml:66:9-68:40
75            android:name="com.sombrosso.MenuActivity"
75-->src\main\AndroidManifest.xml:67:13-41
76            android:exported="false" />
76-->src\main\AndroidManifest.xml:68:13-37
77        <activity
77-->src\main\AndroidManifest.xml:69:9-71:40
78            android:name="com.sombrosso.InicioActivity"
78-->src\main\AndroidManifest.xml:70:13-43
79            android:exported="false" />
79-->src\main\AndroidManifest.xml:71:13-37
80        <activity
80-->src\main\AndroidManifest.xml:72:9-80:20
81            android:name="com.sombrosso.MainActivity"
81-->src\main\AndroidManifest.xml:73:13-41
82            android:exported="true" >
82-->src\main\AndroidManifest.xml:74:13-36
83            <intent-filter>
83-->src\main\AndroidManifest.xml:75:13-79:29
84                <action android:name="android.intent.action.MAIN" />
84-->src\main\AndroidManifest.xml:76:17-69
84-->src\main\AndroidManifest.xml:76:25-66
85
86                <category android:name="android.intent.category.LAUNCHER" />
86-->src\main\AndroidManifest.xml:78:17-77
86-->src\main\AndroidManifest.xml:78:27-74
87            </intent-filter>
88        </activity>
89    </application>
90
91</manifest>